29.10.2015 17:30:06.834 [INFO ] [main           ] q.esper.EsperEngineFactoryTest - Starting EsperEngineFactoryTest on ATCSL665088 with PID 7472 (D:\Java\workspace_Alligatorbirne\alligatorbirne\event-processing\target\test-classes started by q375980 in D:\Java\workspace_Alligatorbirne\alligatorbirne\event-processing) 
29.10.2015 17:30:09.361 [INFO ] [main           ] essing.engine.impl.EsperEngine - Adding event type. EventTypeName: ConfigurationModification, Class: common.data.ConfigurationModification 
29.10.2015 17:30:09.361 [INFO ] [main           ] essing.engine.impl.EsperEngine - Adding event type. EventTypeName: DeviceData, Class: common.data.model.DeviceData 
29.10.2015 17:30:09.361 [INFO ] [main           ] essing.engine.impl.EsperEngine - Adding event type. EventTypeName: DeviceInformation, Class: common.data.model.DeviceInformation 
29.10.2015 17:30:09.361 [INFO ] [main           ] essing.engine.impl.EsperEngine - Adding event type. EventTypeName: DomainInformation, Class: common.data.model.DomainInformation 
29.10.2015 17:30:09.971 [INFO ] [main           ] q.esper.EsperEngineFactoryTest - Started EsperEngineFactoryTest in 3.323 seconds (JVM running for 4.034) 
29.10.2015 17:30:10.088 [INFO ] [main           ] ngine.impl.EsperEPLTransformer - Generated EPL: insert into Event select 'name1' as name from DeviceData as d where d.device.id = 1  
29.10.2015 17:30:10.088 [INFO ] [main           ] ngine.impl.EsperEPLTransformer - Generated EPL: insert into Event select 'name2' as name from DeviceData as d where d.device.id = 2  
29.10.2015 17:30:10.089 [INFO ] [main           ] ngine.impl.EsperEPLTransformer - Generated EPL: [select * from pattern [every a=Event(name = 'name1') -> b=Event(name = 'name2')]] 
29.10.2015 17:30:10.978 [INFO ] [main           ] ngine.impl.EsperEPLTransformer - Generated EPL: insert into Event select 'name2' as name from DeviceData as d where d.device.id = 2  
29.10.2015 17:30:10.978 [INFO ] [main           ] ngine.impl.EsperEPLTransformer - Generated EPL: insert into Event select 'name1' as name from DeviceData as d where d.device.id = 1  
29.10.2015 17:30:10.978 [INFO ] [main           ] ngine.impl.EsperEPLTransformer - Generated EPL: [select * from pattern [every a=Event(name = 'name2') -> b=Event(name = 'name1')]] 
29.10.2015 17:30:11.295 [INFO ] [main           ] ngine.impl.EsperEPLTransformer - Generated EPL: insert into Event select 'name1' as name from DeviceData as d where d.device.id = 1  
29.10.2015 17:30:11.295 [INFO ] [main           ] ngine.impl.EsperEPLTransformer - Generated EPL: insert into Event select 'name2' as name from DeviceData as d where d.device.id = 2  
29.10.2015 17:30:11.295 [INFO ] [main           ] ngine.impl.EsperEPLTransformer - Generated EPL: insert into Event select 'name3' as name from DeviceData as d where d.device.id = 3  
29.10.2015 17:30:11.295 [INFO ] [main           ] ngine.impl.EsperEPLTransformer - Generated EPL: [select * from pattern [every a=Event(name = 'name1') -> b=Event(name = 'name2') -> c=Event(name = 'name3')]] 
29.10.2015 17:30:11.613 [INFO ] [main           ] ngine.impl.EsperEPLTransformer - Generated EPL: insert into Event select 'name1' as name from DeviceData as d where d.device.id = 1  
29.10.2015 17:30:11.613 [INFO ] [main           ] ngine.impl.EsperEPLTransformer - Generated EPL: insert into Event select 'name2' as name from DeviceData as d where d.device.id = 2  
29.10.2015 17:30:11.613 [INFO ] [main           ] ngine.impl.EsperEPLTransformer - Generated EPL: [select * from pattern [every a=Event(name = 'name1') -> b=Event(name = 'name2')]] 
29.10.2015 17:30:12.080 [INFO ] [main           ] ngine.impl.EsperEPLTransformer - Generated EPL: insert into Event select 'name1' as name from DeviceData as d where d.device.id = 1  
29.10.2015 17:30:12.080 [INFO ] [main           ] ngine.impl.EsperEPLTransformer - Generated EPL: insert into Event select 'name2' as name from DeviceData as d where d.device.id = 2  
29.10.2015 17:30:12.080 [INFO ] [main           ] ngine.impl.EsperEPLTransformer - Generated EPL: [select * from pattern [every a=Event(name = 'name1') -> b=Event(name = 'name2')]] 
29.10.2015 17:30:12.517 [INFO ] [main           ] ngine.impl.EsperEPLTransformer - Generated EPL: insert into Event select 'name1' as name from DeviceData as d where d.device.id = 1  
29.10.2015 17:30:12.517 [INFO ] [main           ] ngine.impl.EsperEPLTransformer - Generated EPL: insert into Event select 'name2' as name from DeviceData as d where d.device.id = 2  
29.10.2015 17:30:12.517 [INFO ] [main           ] ngine.impl.EsperEPLTransformer - Generated EPL: [select * from pattern [every a=Event(name = 'name1') -> b=Event(name = 'name2')]] 
29.10.2015 17:30:13.384 [INFO ] [main           ] ngine.impl.EsperEPLTransformer - Generated EPL: insert into Event select 'detectTemperatureUnder15' as name from DeviceData as d where d.device.name = 'temperature' and d.sensorData.value <= 15  
29.10.2015 17:30:13.384 [INFO ] [main           ] ngine.impl.EsperEPLTransformer - Generated EPL: insert into Event select 'detectTemperatureAbove25' as name from DeviceData as d where d.device.name = 'temperature' and d.sensorData.value >= 25  
29.10.2015 17:30:13.384 [INFO ] [main           ] ngine.impl.EsperEPLTransformer - Generated EPL: [select * from pattern [every a=Event(name = 'detectTemperatureUnder15') -> b=Event(name = 'detectTemperatureAbove25')]] 
29.10.2015 17:30:13.384 [INFO ] [main           ] ngine.impl.EsperEPLTransformer - Generated EPL: insert into Event select 'detectTemperatureAbove25' as name from DeviceData as d where d.device.name = 'temperature' and d.sensorData.value >= 25  
29.10.2015 17:30:13.384 [INFO ] [main           ] ngine.impl.EsperEPLTransformer - Generated EPL: insert into Event select 'detectTemperatureUnder15' as name from DeviceData as d where d.device.name = 'temperature' and d.sensorData.value <= 15  
29.10.2015 17:30:13.384 [INFO ] [main           ] ngine.impl.EsperEPLTransformer - Generated EPL: [select * from pattern [every a=Event(name = 'detectTemperatureAbove25') -> b=Event(name = 'detectTemperatureUnder15')]] 
29.10.2015 17:30:14.440 [INFO ] [main           ] ngine.impl.EsperEPLTransformer - Generated EPL: insert into Event select 'query1' as name from DeviceData as d where d.device.name = 'device1'  
29.10.2015 17:30:14.442 [INFO ] [main           ] ngine.impl.EsperEPLTransformer - Generated EPL: insert into Event select 'query2' as name from DeviceData as d where d.device.name = 'device2'  
29.10.2015 17:30:14.444 [INFO ] [main           ] ngine.impl.EsperEPLTransformer - Generated EPL: insert into Event select 'query3' as name from DeviceData as d where d.device.name = 'device3'  
29.10.2015 17:30:14.809 [INFO ] [main           ] ngine.impl.EsperEPLTransformer - Generated EPL: insert into Event select 'query1' as name from DeviceData as d where d.device.name = 'device1'  
29.10.2015 17:30:15.137 [INFO ] [main           ] ngine.impl.EsperEPLTransformer - Generated EPL: insert into Event select 'query' as name from DeviceData as d where d.device.id = 1 and d.device.name = 'device1'  
29.10.2015 17:30:15.480 [INFO ] [main           ] ngine.impl.EsperEPLTransformer - Generated EPL: insert into Event select 'query' as name from DeviceData as d where d.device.id = 1 or d.device.name = 'device2'  
29.10.2015 17:30:15.808 [INFO ] [main           ] ngine.impl.EsperEPLTransformer - Generated EPL: insert into Event select 'query' as name from DeviceData as d where not(d.device.id = 1)  
29.10.2015 17:30:16.113 [INFO ] [main           ] ngine.impl.EsperEPLTransformer - Generated EPL: insert into AggregatedValue select sum(d.device.id) as value from DeviceData as d  
29.10.2015 17:30:16.113 [INFO ] [main           ] ngine.impl.EsperEPLTransformer - Generated EPL: select * from AggregatedValue where value >= 3 
29.10.2015 17:30:16.434 [INFO ] [main           ] ngine.impl.EsperEPLTransformer - Generated EPL: insert into AggregatedValue select min(d.device.id) as value from DeviceData as d  
29.10.2015 17:30:16.434 [INFO ] [main           ] ngine.impl.EsperEPLTransformer - Generated EPL: select * from AggregatedValue where value >= 3 
29.10.2015 17:30:16.747 [INFO ] [main           ] ngine.impl.EsperEPLTransformer - Generated EPL: insert into AggregatedValue select max(d.device.id) as value from DeviceData as d  
29.10.2015 17:30:16.747 [INFO ] [main           ] ngine.impl.EsperEPLTransformer - Generated EPL: select * from AggregatedValue where value >= 2 
29.10.2015 17:30:17.052 [INFO ] [main           ] ngine.impl.EsperEPLTransformer - Generated EPL: insert into AggregatedValue select sum(d.device.id) as value from DeviceData as d where  d.device.id = 2 
29.10.2015 17:30:17.052 [INFO ] [main           ] ngine.impl.EsperEPLTransformer - Generated EPL: select * from AggregatedValue where value >= 2 
29.10.2015 17:30:17.422 [INFO ] [main           ] ngine.impl.EsperEPLTransformer - Generated EPL: insert into Event select 'query' as name from DeviceData as d where d.device.id >= 1 AND (d.domain.name = 'domain1' ) 
29.10.2015 17:30:17.705 [INFO ] [main           ] ngine.impl.EsperEPLTransformer - Generated EPL: insert into Event select 'query' as name from DeviceData as d where d.device.id >= 2 AND (d.domain.name = 'domain1' ) 
29.10.2015 17:30:18.046 [INFO ] [main           ] ngine.impl.EsperEPLTransformer - Generated EPL: insert into Event select 'query' as name from DeviceData as d where d.device.id >= 0 AND (d.domain.name = 'domain' ) 
29.10.2015 17:30:18.341 [INFO ] [main           ] ngine.impl.EsperEPLTransformer - Generated EPL: insert into Event select 'query' as name from DeviceData.win:length(1) as d where d.device.id = 1  
29.10.2015 17:30:18.699 [INFO ] [main           ] ngine.impl.EsperEPLTransformer - Generated EPL: insert into AggregatedValue select sum(d.device.id) as value from DeviceData.win:length(1) as d  
29.10.2015 17:30:18.699 [INFO ] [main           ] ngine.impl.EsperEPLTransformer - Generated EPL: select * from AggregatedValue where value >= 4 
29.10.2015 17:30:18.986 [INFO ] [main           ] ngine.impl.EsperEPLTransformer - Generated EPL: insert into AggregatedValue select sum(d.device.id) as value from DeviceData.win:length(2) as d  
29.10.2015 17:30:18.987 [INFO ] [main           ] ngine.impl.EsperEPLTransformer - Generated EPL: select * from AggregatedValue where value >= 4 
29.10.2015 17:30:19.344 [INFO ] [main           ] ngine.impl.EsperEPLTransformer - Generated EPL: insert into AggregatedValue select min(d.device.id) as value from DeviceData.win:length(2) as d  
29.10.2015 17:30:19.344 [INFO ] [main           ] ngine.impl.EsperEPLTransformer - Generated EPL: select * from AggregatedValue where value < 2 
29.10.2015 17:30:19.621 [INFO ] [main           ] ngine.impl.EsperEPLTransformer - Generated EPL: insert into AggregatedValue select count(d.device.id) as value from DeviceData.win:length(2) as d  
29.10.2015 17:30:19.621 [INFO ] [main           ] ngine.impl.EsperEPLTransformer - Generated EPL: select * from AggregatedValue where value = 3 
29.10.2015 17:30:19.979 [INFO ] [main           ] ngine.impl.EsperEPLTransformer - Generated EPL: insert into AggregatedValue select count(d.device.id) as value from DeviceData.win:length(3) as d  
29.10.2015 17:30:19.979 [INFO ] [main           ] ngine.impl.EsperEPLTransformer - Generated EPL: select * from AggregatedValue where value = 3 
29.10.2015 17:30:20.281 [INFO ] [main           ] ngine.impl.EsperEPLTransformer - Generated EPL: insert into AggregatedValue select sum(d.device.id) as value from DeviceData.win:length(2) as d  
29.10.2015 17:30:20.281 [INFO ] [main           ] ngine.impl.EsperEPLTransformer - Generated EPL: select * from AggregatedValue where value >= 3 
29.10.2015 17:30:20.881 [INFO ] [main           ] e.p.rest.EProcManageDataTest   - Starting EProcManageDataTest on ATCSL665088 with PID 7472 (D:\Java\workspace_Alligatorbirne\alligatorbirne\event-processing\target\test-classes started by q375980 in D:\Java\workspace_Alligatorbirne\alligatorbirne\event-processing) 
29.10.2015 17:30:23.130 [INFO ] [main           ] essing.engine.impl.EsperEngine - Adding event type. EventTypeName: ConfigurationModification, Class: common.data.ConfigurationModification 
29.10.2015 17:30:23.130 [INFO ] [main           ] essing.engine.impl.EsperEngine - Adding event type. EventTypeName: DeviceData, Class: common.data.model.DeviceData 
29.10.2015 17:30:23.130 [INFO ] [main           ] essing.engine.impl.EsperEngine - Adding event type. EventTypeName: DeviceInformation, Class: common.data.model.DeviceInformation 
29.10.2015 17:30:23.130 [INFO ] [main           ] essing.engine.impl.EsperEngine - Adding event type. EventTypeName: DomainInformation, Class: common.data.model.DomainInformation 
29.10.2015 17:30:23.674 [INFO ] [main           ] e.p.rest.EProcManageDataTest   - Started EProcManageDataTest in 2.81 seconds (JVM running for 17.736) 
29.10.2015 17:30:25.050 [INFO ] [o-auto-1-exec-1] e.p.rest.EProcManageDataImpl   - POST /send is invoked. 
29.10.2015 17:30:25.050 [INFO ] [o-auto-1-exec-1] e.p.rest.EProcManageDataImpl   - DeviceData [sensorData=null, device=DeviceInformation [id=1, name=deviceInfoName, type=SENSOR], domain=DomainInformation [id=2, name=domainInfoName, type=FIRST_FLOOR]] 
29.10.2015 17:30:25.144 [INFO ] [o-auto-1-exec-2] .rest.EProcManageStatementImpl - POST /registrations/query/{name} is invoked. 
29.10.2015 17:30:25.159 [INFO ] [o-auto-1-exec-3] .rest.EProcManageStatementImpl - POST /registrations/rule/{name} is invoked. 
29.10.2015 17:30:25.175 [INFO ] [o-auto-1-exec-4] .rest.EProcManageStatementImpl - GET /registrations/queries is invoked. 
29.10.2015 17:30:25.237 [INFO ] [o-auto-1-exec-5] .rest.EProcManageStatementImpl - GET /registrations/queries is invoked. 
29.10.2015 17:30:25.253 [INFO ] [o-auto-1-exec-6] .rest.EProcManageStatementImpl - POST /registrations/query/{name} is invoked. 
29.10.2015 17:30:25.268 [INFO ] [o-auto-1-exec-7] .rest.EProcManageStatementImpl - POST /registrations/query/{name} is invoked. 
29.10.2015 17:30:25.284 [INFO ] [o-auto-1-exec-8] .rest.EProcManageStatementImpl - POST /registrations/query/{name} is invoked. 
29.10.2015 17:30:25.284 [ERROR] [o-auto-1-exec-8] processing.rest.EP_ERROR_CODES - Couldn't parse query. Please check syntax. 
29.10.2015 17:30:25.300 [INFO ] [o-auto-1-exec-9] .rest.EProcManageStatementImpl - POST /registrations/query/{name} is invoked. 
29.10.2015 17:30:25.315 [INFO ] [-auto-1-exec-10] .rest.EProcManageStatementImpl - POST /registrations/rule/{name} is invoked. 
29.10.2015 17:30:25.315 [INFO ] [o-auto-1-exec-1] .rest.EProcManageStatementImpl - GET /activations/rule/{name} is invoked. 
29.10.2015 17:30:25.315 [INFO ] [o-auto-1-exec-1] ngine.impl.EsperEPLTransformer - Generated EPL: insert into Event select 'alligatorbirne15' as name from DeviceData as d where d.device.name = 'device1'  
29.10.2015 17:30:25.362 [INFO ] [o-auto-1-exec-2] .rest.EProcManageStatementImpl - POST /registrations/query/{name} is invoked. 
29.10.2015 17:30:25.378 [INFO ] [o-auto-1-exec-3] .rest.EProcManageStatementImpl - DELETE /deregistrations/query/{name} is invoked. 
29.10.2015 17:30:25.393 [INFO ] [o-auto-1-exec-4] .rest.EProcManageStatementImpl - POST /registrations/query/{name} is invoked. 
29.10.2015 17:30:25.393 [INFO ] [o-auto-1-exec-5] .rest.EProcManageStatementImpl - POST /registrations/query/{name} is invoked. 
29.10.2015 17:30:25.393 [ERROR] [o-auto-1-exec-5] processing.rest.EP_ERROR_CODES - Query with the same name already exists. 
29.10.2015 17:30:25.409 [INFO ] [o-auto-1-exec-6] .rest.EProcManageStatementImpl - POST /registrations/query/{name} is invoked. 
29.10.2015 17:30:25.424 [INFO ] [o-auto-1-exec-7] .rest.EProcManageStatementImpl - POST /registrations/rule/{name} is invoked. 
29.10.2015 17:30:25.425 [INFO ] [o-auto-1-exec-8] .rest.EProcManageStatementImpl - DELETE /deregistrations/rule/{name} is invoked. 
29.10.2015 17:30:25.457 [INFO ] [o-auto-1-exec-9] .rest.EProcManageStatementImpl - POST /registrations/query/{name} is invoked. 
29.10.2015 17:30:25.457 [INFO ] [-auto-1-exec-10] .rest.EProcManageStatementImpl - POST /registrations/rule/{name} is invoked. 
29.10.2015 17:30:25.472 [INFO ] [o-auto-1-exec-1] .rest.EProcManageStatementImpl - GET /activations/rule/{name} is invoked. 
29.10.2015 17:30:25.472 [INFO ] [o-auto-1-exec-1] ngine.impl.EsperEPLTransformer - Generated EPL: insert into Event select 'alligatorbirne23' as name from DeviceData as d where d.device.name = 'device1'  
29.10.2015 17:30:25.519 [INFO ] [o-auto-1-exec-2] .rest.EProcManageStatementImpl - GET /deactivations/rule/{name} is invoked. 
29.10.2015 17:30:25.519 [INFO ] [o-auto-1-exec-2] ngine.impl.EsperEPLTransformer - Generated EPL: insert into Event select 'alligatorbirne23' as name from DeviceData as d where d.device.name = 'device1'  
29.10.2015 17:30:25.519 [INFO ] [o-auto-1-exec-3] .rest.EProcManageStatementImpl - POST /registrations/query/{name} is invoked. 
29.10.2015 17:30:25.535 [INFO ] [o-auto-1-exec-4] .rest.EProcManageStatementImpl - POST /registrations/rule/{name} is invoked. 
29.10.2015 17:30:25.535 [INFO ] [o-auto-1-exec-5] .rest.EProcManageStatementImpl - POST /registrations/rule/{name} is invoked. 
29.10.2015 17:30:25.535 [ERROR] [o-auto-1-exec-5] processing.rest.EP_ERROR_CODES - Rule with the same name already exists. 
29.10.2015 17:33:20.285 [INFO ] [main           ] q.esper.EsperEngineFactoryTest - Starting EsperEngineFactoryTest on ATCSL665088 with PID 7428 (D:\Java\workspace_Alligatorbirne\alligatorbirne\event-processing\target\test-classes started by q375980 in D:\Java\workspace_Alligatorbirne\alligatorbirne\event-processing) 
29.10.2015 17:33:22.764 [INFO ] [main           ] essing.engine.impl.EsperEngine - Adding event type. EventTypeName: ConfigurationModification, Class: common.data.ConfigurationModification 
29.10.2015 17:33:22.780 [INFO ] [main           ] essing.engine.impl.EsperEngine - Adding event type. EventTypeName: DeviceData, Class: common.data.model.DeviceData 
29.10.2015 17:33:22.780 [INFO ] [main           ] essing.engine.impl.EsperEngine - Adding event type. EventTypeName: DeviceInformation, Class: common.data.model.DeviceInformation 
29.10.2015 17:33:22.780 [INFO ] [main           ] essing.engine.impl.EsperEngine - Adding event type. EventTypeName: DomainInformation, Class: common.data.model.DomainInformation 
29.10.2015 17:33:23.326 [INFO ] [main           ] q.esper.EsperEngineFactoryTest - Started EsperEngineFactoryTest in 3.228 seconds (JVM running for 3.956) 
29.10.2015 17:33:23.435 [INFO ] [main           ] ngine.impl.EsperEPLTransformer - Generated EPL: insert into Event select 'name1' as name from DeviceData as d where d.device.id = 1  
29.10.2015 17:33:23.435 [INFO ] [main           ] ngine.impl.EsperEPLTransformer - Generated EPL: insert into Event select 'name2' as name from DeviceData as d where d.device.id = 2  
29.10.2015 17:33:23.435 [INFO ] [main           ] ngine.impl.EsperEPLTransformer - Generated EPL: [select * from pattern [every a=Event(name = 'name1') -> b=Event(name = 'name2')]] 
29.10.2015 17:33:24.278 [INFO ] [main           ] ngine.impl.EsperEPLTransformer - Generated EPL: insert into Event select 'name2' as name from DeviceData as d where d.device.id = 2  
29.10.2015 17:33:24.278 [INFO ] [main           ] ngine.impl.EsperEPLTransformer - Generated EPL: insert into Event select 'name1' as name from DeviceData as d where d.device.id = 1  
29.10.2015 17:33:24.278 [INFO ] [main           ] ngine.impl.EsperEPLTransformer - Generated EPL: [select * from pattern [every a=Event(name = 'name2') -> b=Event(name = 'name1')]] 
29.10.2015 17:33:24.608 [INFO ] [main           ] ngine.impl.EsperEPLTransformer - Generated EPL: insert into Event select 'name1' as name from DeviceData as d where d.device.id = 1  
29.10.2015 17:33:24.608 [INFO ] [main           ] ngine.impl.EsperEPLTransformer - Generated EPL: insert into Event select 'name2' as name from DeviceData as d where d.device.id = 2  
29.10.2015 17:33:24.608 [INFO ] [main           ] ngine.impl.EsperEPLTransformer - Generated EPL: insert into Event select 'name3' as name from DeviceData as d where d.device.id = 3  
29.10.2015 17:33:24.608 [INFO ] [main           ] ngine.impl.EsperEPLTransformer - Generated EPL: [select * from pattern [every a=Event(name = 'name1') -> b=Event(name = 'name2') -> c=Event(name = 'name3')]] 
29.10.2015 17:33:24.951 [INFO ] [main           ] ngine.impl.EsperEPLTransformer - Generated EPL: insert into Event select 'name1' as name from DeviceData as d where d.device.id = 1  
29.10.2015 17:33:24.951 [INFO ] [main           ] ngine.impl.EsperEPLTransformer - Generated EPL: insert into Event select 'name2' as name from DeviceData as d where d.device.id = 2  
29.10.2015 17:33:24.951 [INFO ] [main           ] ngine.impl.EsperEPLTransformer - Generated EPL: [select * from pattern [every a=Event(name = 'name1') -> b=Event(name = 'name2')]] 
29.10.2015 17:33:25.419 [INFO ] [main           ] ngine.impl.EsperEPLTransformer - Generated EPL: insert into Event select 'name1' as name from DeviceData as d where d.device.id = 1  
29.10.2015 17:33:25.419 [INFO ] [main           ] ngine.impl.EsperEPLTransformer - Generated EPL: insert into Event select 'name2' as name from DeviceData as d where d.device.id = 2  
29.10.2015 17:33:25.419 [INFO ] [main           ] ngine.impl.EsperEPLTransformer - Generated EPL: [select * from pattern [every a=Event(name = 'name1') -> b=Event(name = 'name2')]] 
29.10.2015 17:33:25.856 [INFO ] [main           ] ngine.impl.EsperEPLTransformer - Generated EPL: insert into Event select 'name1' as name from DeviceData as d where d.device.id = 1  
29.10.2015 17:33:25.856 [INFO ] [main           ] ngine.impl.EsperEPLTransformer - Generated EPL: insert into Event select 'name2' as name from DeviceData as d where d.device.id = 2  
29.10.2015 17:33:25.856 [INFO ] [main           ] ngine.impl.EsperEPLTransformer - Generated EPL: [select * from pattern [every a=Event(name = 'name1') -> b=Event(name = 'name2')]] 
29.10.2015 17:33:26.730 [INFO ] [main           ] ngine.impl.EsperEPLTransformer - Generated EPL: insert into Event select 'detectTemperatureUnder15' as name from DeviceData as d where d.device.name = 'temperature' and d.sensorData.value <= 15  
29.10.2015 17:33:26.730 [INFO ] [main           ] ngine.impl.EsperEPLTransformer - Generated EPL: insert into Event select 'detectTemperatureAbove25' as name from DeviceData as d where d.device.name = 'temperature' and d.sensorData.value >= 25  
29.10.2015 17:33:26.730 [INFO ] [main           ] ngine.impl.EsperEPLTransformer - Generated EPL: [select * from pattern [every a=Event(name = 'detectTemperatureUnder15') -> b=Event(name = 'detectTemperatureAbove25')]] 
29.10.2015 17:33:26.730 [INFO ] [main           ] ngine.impl.EsperEPLTransformer - Generated EPL: insert into Event select 'detectTemperatureAbove25' as name from DeviceData as d where d.device.name = 'temperature' and d.sensorData.value >= 25  
29.10.2015 17:33:26.730 [INFO ] [main           ] ngine.impl.EsperEPLTransformer - Generated EPL: insert into Event select 'detectTemperatureUnder15' as name from DeviceData as d where d.device.name = 'temperature' and d.sensorData.value <= 15  
29.10.2015 17:33:26.730 [INFO ] [main           ] ngine.impl.EsperEPLTransformer - Generated EPL: [select * from pattern [every a=Event(name = 'detectTemperatureAbove25') -> b=Event(name = 'detectTemperatureUnder15')]] 
29.10.2015 17:33:27.854 [INFO ] [main           ] ngine.impl.EsperEPLTransformer - Generated EPL: insert into Event select 'query1' as name from DeviceData as d where d.device.name = 'device1'  
29.10.2015 17:33:27.870 [INFO ] [main           ] ngine.impl.EsperEPLTransformer - Generated EPL: insert into Event select 'query2' as name from DeviceData as d where d.device.name = 'device2'  
29.10.2015 17:33:27.870 [INFO ] [main           ] ngine.impl.EsperEPLTransformer - Generated EPL: insert into Event select 'query3' as name from DeviceData as d where d.device.name = 'device3'  
29.10.2015 17:33:28.199 [INFO ] [main           ] ngine.impl.EsperEPLTransformer - Generated EPL: insert into Event select 'query1' as name from DeviceData as d where d.device.name = 'device1'  
29.10.2015 17:33:28.527 [INFO ] [main           ] ngine.impl.EsperEPLTransformer - Generated EPL: insert into Event select 'query' as name from DeviceData as d where d.device.id = 1 and d.device.name = 'device1'  
29.10.2015 17:33:28.870 [INFO ] [main           ] ngine.impl.EsperEPLTransformer - Generated EPL: insert into Event select 'query' as name from DeviceData as d where d.device.id = 1 or d.device.name = 'device2'  
29.10.2015 17:33:29.200 [INFO ] [main           ] ngine.impl.EsperEPLTransformer - Generated EPL: insert into Event select 'query' as name from DeviceData as d where not(d.device.id = 1)  
29.10.2015 17:33:29.544 [INFO ] [main           ] ngine.impl.EsperEPLTransformer - Generated EPL: insert into AggregatedValue select sum(d.device.id) as value from DeviceData as d  
29.10.2015 17:33:29.544 [INFO ] [main           ] ngine.impl.EsperEPLTransformer - Generated EPL: select * from AggregatedValue where value >= 3 
29.10.2015 17:33:29.887 [INFO ] [main           ] ngine.impl.EsperEPLTransformer - Generated EPL: insert into AggregatedValue select min(d.device.id) as value from DeviceData as d  
29.10.2015 17:33:29.887 [INFO ] [main           ] ngine.impl.EsperEPLTransformer - Generated EPL: select * from AggregatedValue where value >= 3 
29.10.2015 17:33:30.215 [INFO ] [main           ] ngine.impl.EsperEPLTransformer - Generated EPL: insert into AggregatedValue select max(d.device.id) as value from DeviceData as d  
29.10.2015 17:33:30.215 [INFO ] [main           ] ngine.impl.EsperEPLTransformer - Generated EPL: select * from AggregatedValue where value >= 2 
29.10.2015 17:33:30.542 [INFO ] [main           ] ngine.impl.EsperEPLTransformer - Generated EPL: insert into AggregatedValue select sum(d.device.id) as value from DeviceData as d where  d.device.id = 2 
29.10.2015 17:33:30.542 [INFO ] [main           ] ngine.impl.EsperEPLTransformer - Generated EPL: select * from AggregatedValue where value >= 2 
29.10.2015 17:33:30.885 [INFO ] [main           ] ngine.impl.EsperEPLTransformer - Generated EPL: insert into Event select 'query' as name from DeviceData as d where d.device.id >= 1 AND (d.domain.name = 'domain1' ) 
29.10.2015 17:33:31.213 [INFO ] [main           ] ngine.impl.EsperEPLTransformer - Generated EPL: insert into Event select 'query' as name from DeviceData as d where d.device.id >= 2 AND (d.domain.name = 'domain1' ) 
29.10.2015 17:33:31.541 [INFO ] [main           ] ngine.impl.EsperEPLTransformer - Generated EPL: insert into Event select 'query' as name from DeviceData as d where d.device.id >= 0 AND (d.domain.name = 'domain' ) 
29.10.2015 17:33:31.884 [INFO ] [main           ] ngine.impl.EsperEPLTransformer - Generated EPL: insert into Event select 'query' as name from DeviceData.win:length(1) as d where d.device.id = 1  
29.10.2015 17:33:32.211 [INFO ] [main           ] ngine.impl.EsperEPLTransformer - Generated EPL: insert into AggregatedValue select sum(d.device.id) as value from DeviceData.win:length(1) as d  
29.10.2015 17:33:32.211 [INFO ] [main           ] ngine.impl.EsperEPLTransformer - Generated EPL: select * from AggregatedValue where value >= 4 
29.10.2015 17:33:32.539 [INFO ] [main           ] ngine.impl.EsperEPLTransformer - Generated EPL: insert into AggregatedValue select sum(d.device.id) as value from DeviceData.win:length(2) as d  
29.10.2015 17:33:32.539 [INFO ] [main           ] ngine.impl.EsperEPLTransformer - Generated EPL: select * from AggregatedValue where value >= 4 
29.10.2015 17:33:32.867 [INFO ] [main           ] ngine.impl.EsperEPLTransformer - Generated EPL: insert into AggregatedValue select min(d.device.id) as value from DeviceData.win:length(2) as d  
29.10.2015 17:33:32.867 [INFO ] [main           ] ngine.impl.EsperEPLTransformer - Generated EPL: select * from AggregatedValue where value < 2 
29.10.2015 17:33:33.194 [INFO ] [main           ] ngine.impl.EsperEPLTransformer - Generated EPL: insert into AggregatedValue select count(d.device.id) as value from DeviceData.win:length(2) as d  
29.10.2015 17:33:33.194 [INFO ] [main           ] ngine.impl.EsperEPLTransformer - Generated EPL: select * from AggregatedValue where value = 3 
29.10.2015 17:33:33.522 [INFO ] [main           ] ngine.impl.EsperEPLTransformer - Generated EPL: insert into AggregatedValue select count(d.device.id) as value from DeviceData.win:length(3) as d  
29.10.2015 17:33:33.522 [INFO ] [main           ] ngine.impl.EsperEPLTransformer - Generated EPL: select * from AggregatedValue where value = 3 
29.10.2015 17:33:33.849 [INFO ] [main           ] ngine.impl.EsperEPLTransformer - Generated EPL: insert into AggregatedValue select sum(d.device.id) as value from DeviceData.win:length(2) as d  
29.10.2015 17:33:33.849 [INFO ] [main           ] ngine.impl.EsperEPLTransformer - Generated EPL: select * from AggregatedValue where value >= 3 
29.10.2015 17:33:34.460 [INFO ] [main           ] e.p.rest.EProcManageDataTest   - Starting EProcManageDataTest on ATCSL665088 with PID 7428 (D:\Java\workspace_Alligatorbirne\alligatorbirne\event-processing\target\test-classes started by q375980 in D:\Java\workspace_Alligatorbirne\alligatorbirne\event-processing) 
29.10.2015 17:33:36.661 [INFO ] [main           ] essing.engine.impl.EsperEngine - Adding event type. EventTypeName: ConfigurationModification, Class: common.data.ConfigurationModification 
29.10.2015 17:33:36.661 [INFO ] [main           ] essing.engine.impl.EsperEngine - Adding event type. EventTypeName: DeviceData, Class: common.data.model.DeviceData 
29.10.2015 17:33:36.661 [INFO ] [main           ] essing.engine.impl.EsperEngine - Adding event type. EventTypeName: DeviceInformation, Class: common.data.model.DeviceInformation 
29.10.2015 17:33:36.661 [INFO ] [main           ] essing.engine.impl.EsperEngine - Adding event type. EventTypeName: DomainInformation, Class: common.data.model.DomainInformation 
29.10.2015 17:33:37.223 [INFO ] [main           ] e.p.rest.EProcManageDataTest   - Started EProcManageDataTest in 2.779 seconds (JVM running for 17.865) 
29.10.2015 17:33:38.393 [INFO ] [o-auto-1-exec-1] e.p.rest.EProcManageDataImpl   - POST /send is invoked. 
29.10.2015 17:33:38.393 [INFO ] [o-auto-1-exec-1] e.p.rest.EProcManageDataImpl   - DeviceData [sensorData=null, device=DeviceInformation [id=1, name=deviceInfoName, type=SENSOR], domain=DomainInformation [id=2, name=domainInfoName, type=FIRST_FLOOR]] 
29.10.2015 17:33:38.502 [INFO ] [o-auto-1-exec-2] .rest.EProcManageStatementImpl - POST /registrations/query/{name} is invoked. 
29.10.2015 17:33:38.518 [INFO ] [o-auto-1-exec-3] .rest.EProcManageStatementImpl - POST /registrations/rule/{name} is invoked. 
29.10.2015 17:33:38.533 [INFO ] [o-auto-1-exec-4] .rest.EProcManageStatementImpl - GET /registrations/queries is invoked. 
29.10.2015 17:33:38.611 [INFO ] [o-auto-1-exec-5] .rest.EProcManageStatementImpl - GET /registrations/queries is invoked. 
29.10.2015 17:33:38.627 [INFO ] [o-auto-1-exec-6] .rest.EProcManageStatementImpl - POST /registrations/query/{name} is invoked. 
29.10.2015 17:33:38.643 [INFO ] [o-auto-1-exec-7] .rest.EProcManageStatementImpl - POST /registrations/query/{name} is invoked. 
29.10.2015 17:33:38.658 [INFO ] [o-auto-1-exec-8] .rest.EProcManageStatementImpl - POST /registrations/query/{name} is invoked. 
29.10.2015 17:33:38.658 [ERROR] [o-auto-1-exec-8] processing.rest.EP_ERROR_CODES - Couldn't parse query. Please check syntax. 
29.10.2015 17:33:38.674 [INFO ] [o-auto-1-exec-9] .rest.EProcManageStatementImpl - POST /registrations/query/{name} is invoked. 
29.10.2015 17:33:38.689 [INFO ] [-auto-1-exec-10] .rest.EProcManageStatementImpl - POST /registrations/rule/{name} is invoked. 
29.10.2015 17:33:38.705 [INFO ] [o-auto-1-exec-1] .rest.EProcManageStatementImpl - GET /activations/rule/{name} is invoked. 
29.10.2015 17:33:38.705 [INFO ] [o-auto-1-exec-1] ngine.impl.EsperEPLTransformer - Generated EPL: insert into Event select 'alligatorbirne15' as name from DeviceData as d where d.device.name = 'device1'  
29.10.2015 17:33:38.752 [INFO ] [o-auto-1-exec-2] .rest.EProcManageStatementImpl - POST /registrations/query/{name} is invoked. 
29.10.2015 17:33:38.767 [INFO ] [o-auto-1-exec-3] .rest.EProcManageStatementImpl - DELETE /deregistrations/query/{name} is invoked. 
29.10.2015 17:33:38.783 [INFO ] [o-auto-1-exec-4] .rest.EProcManageStatementImpl - POST /registrations/query/{name} is invoked. 
29.10.2015 17:33:38.799 [INFO ] [o-auto-1-exec-5] .rest.EProcManageStatementImpl - POST /registrations/query/{name} is invoked. 
29.10.2015 17:33:38.799 [ERROR] [o-auto-1-exec-5] processing.rest.EP_ERROR_CODES - Query with the same name already exists. 
29.10.2015 17:33:38.814 [INFO ] [o-auto-1-exec-6] .rest.EProcManageStatementImpl - POST /registrations/query/{name} is invoked. 
29.10.2015 17:33:38.814 [INFO ] [o-auto-1-exec-7] .rest.EProcManageStatementImpl - POST /registrations/rule/{name} is invoked. 
29.10.2015 17:33:38.830 [INFO ] [o-auto-1-exec-8] .rest.EProcManageStatementImpl - DELETE /deregistrations/rule/{name} is invoked. 
29.10.2015 17:33:38.845 [INFO ] [o-auto-1-exec-9] .rest.EProcManageStatementImpl - POST /registrations/query/{name} is invoked. 
29.10.2015 17:33:38.845 [INFO ] [-auto-1-exec-10] .rest.EProcManageStatementImpl - POST /registrations/rule/{name} is invoked. 
29.10.2015 17:33:38.861 [INFO ] [o-auto-1-exec-1] .rest.EProcManageStatementImpl - GET /activations/rule/{name} is invoked. 
29.10.2015 17:33:38.861 [INFO ] [o-auto-1-exec-1] ngine.impl.EsperEPLTransformer - Generated EPL: insert into Event select 'alligatorbirne23' as name from DeviceData as d where d.device.name = 'device1'  
29.10.2015 17:33:38.908 [INFO ] [o-auto-1-exec-2] .rest.EProcManageStatementImpl - GET /deactivations/rule/{name} is invoked. 
29.10.2015 17:33:38.908 [INFO ] [o-auto-1-exec-2] ngine.impl.EsperEPLTransformer - Generated EPL: insert into Event select 'alligatorbirne23' as name from DeviceData as d where d.device.name = 'device1'  
29.10.2015 17:33:38.908 [INFO ] [o-auto-1-exec-3] .rest.EProcManageStatementImpl - POST /registrations/query/{name} is invoked. 
29.10.2015 17:33:38.923 [INFO ] [o-auto-1-exec-4] .rest.EProcManageStatementImpl - POST /registrations/rule/{name} is invoked. 
29.10.2015 17:33:38.939 [INFO ] [o-auto-1-exec-5] .rest.EProcManageStatementImpl - POST /registrations/rule/{name} is invoked. 
29.10.2015 17:33:38.939 [ERROR] [o-auto-1-exec-5] processing.rest.EP_ERROR_CODES - Rule with the same name already exists. 
29.10.2015 17:41:35.657 [INFO ] [main           ] q.esper.EsperEngineFactoryTest - Starting EsperEngineFactoryTest on ATCSL665088 with PID 5200 (D:\Java\workspace_Alligatorbirne\alligatorbirne\event-processing\target\test-classes started by q375980 in D:\Java\workspace_Alligatorbirne\alligatorbirne\event-processing) 
29.10.2015 17:41:38.139 [INFO ] [main           ] essing.engine.impl.EsperEngine - Adding event type. EventTypeName: ConfigurationModification, Class: common.data.ConfigurationModification 
29.10.2015 17:41:38.141 [INFO ] [main           ] essing.engine.impl.EsperEngine - Adding event type. EventTypeName: DeviceData, Class: common.data.model.DeviceData 
29.10.2015 17:41:38.141 [INFO ] [main           ] essing.engine.impl.EsperEngine - Adding event type. EventTypeName: DeviceInformation, Class: common.data.model.DeviceInformation 
29.10.2015 17:41:38.141 [INFO ] [main           ] essing.engine.impl.EsperEngine - Adding event type. EventTypeName: DomainInformation, Class: common.data.model.DomainInformation 
29.10.2015 17:41:38.839 [INFO ] [main           ] q.esper.EsperEngineFactoryTest - Started EsperEngineFactoryTest in 3.355 seconds (JVM running for 4.12) 
29.10.2015 17:41:38.971 [INFO ] [main           ] ngine.impl.EsperEPLTransformer - Generated EPL: insert into Event select 'name1' as name from DeviceData as d where d.device.id = 1  
29.10.2015 17:41:38.972 [INFO ] [main           ] ngine.impl.EsperEPLTransformer - Generated EPL: insert into Event select 'name2' as name from DeviceData as d where d.device.id = 2  
29.10.2015 17:41:38.973 [INFO ] [main           ] ngine.impl.EsperEPLTransformer - Generated EPL: [select * from pattern [every a=Event(name = 'name1') -> b=Event(name = 'name2')]] 
29.10.2015 17:41:39.845 [INFO ] [main           ] ngine.impl.EsperEPLTransformer - Generated EPL: insert into Event select 'name2' as name from DeviceData as d where d.device.id = 2  
29.10.2015 17:41:39.845 [INFO ] [main           ] ngine.impl.EsperEPLTransformer - Generated EPL: insert into Event select 'name1' as name from DeviceData as d where d.device.id = 1  
29.10.2015 17:41:39.846 [INFO ] [main           ] ngine.impl.EsperEPLTransformer - Generated EPL: [select * from pattern [every a=Event(name = 'name2') -> b=Event(name = 'name1')]] 
29.10.2015 17:41:40.160 [INFO ] [main           ] ngine.impl.EsperEPLTransformer - Generated EPL: insert into Event select 'name1' as name from DeviceData as d where d.device.id = 1  
29.10.2015 17:41:40.160 [INFO ] [main           ] ngine.impl.EsperEPLTransformer - Generated EPL: insert into Event select 'name2' as name from DeviceData as d where d.device.id = 2  
29.10.2015 17:41:40.161 [INFO ] [main           ] ngine.impl.EsperEPLTransformer - Generated EPL: insert into Event select 'name3' as name from DeviceData as d where d.device.id = 3  
29.10.2015 17:41:40.161 [INFO ] [main           ] ngine.impl.EsperEPLTransformer - Generated EPL: [select * from pattern [every a=Event(name = 'name1') -> b=Event(name = 'name2') -> c=Event(name = 'name3')]] 
29.10.2015 17:41:40.474 [INFO ] [main           ] ngine.impl.EsperEPLTransformer - Generated EPL: insert into Event select 'name1' as name from DeviceData as d where d.device.id = 1  
29.10.2015 17:41:40.474 [INFO ] [main           ] ngine.impl.EsperEPLTransformer - Generated EPL: insert into Event select 'name2' as name from DeviceData as d where d.device.id = 2  
29.10.2015 17:41:40.474 [INFO ] [main           ] ngine.impl.EsperEPLTransformer - Generated EPL: [select * from pattern [every a=Event(name = 'name1') -> b=Event(name = 'name2')]] 
29.10.2015 17:41:40.915 [INFO ] [main           ] ngine.impl.EsperEPLTransformer - Generated EPL: insert into Event select 'name1' as name from DeviceData as d where d.device.id = 1  
29.10.2015 17:41:40.916 [INFO ] [main           ] ngine.impl.EsperEPLTransformer - Generated EPL: insert into Event select 'name2' as name from DeviceData as d where d.device.id = 2  
29.10.2015 17:41:40.916 [INFO ] [main           ] ngine.impl.EsperEPLTransformer - Generated EPL: [select * from pattern [every a=Event(name = 'name1') -> b=Event(name = 'name2')]] 
29.10.2015 17:41:41.325 [INFO ] [main           ] ngine.impl.EsperEPLTransformer - Generated EPL: insert into Event select 'name1' as name from DeviceData as d where d.device.id = 1  
29.10.2015 17:41:41.326 [INFO ] [main           ] ngine.impl.EsperEPLTransformer - Generated EPL: insert into Event select 'name2' as name from DeviceData as d where d.device.id = 2  
29.10.2015 17:41:41.326 [INFO ] [main           ] ngine.impl.EsperEPLTransformer - Generated EPL: [select * from pattern [every a=Event(name = 'name1') -> b=Event(name = 'name2')]] 
29.10.2015 17:41:42.140 [INFO ] [main           ] ngine.impl.EsperEPLTransformer - Generated EPL: insert into Event select 'detectTemperatureUnder15' as name from DeviceData as d where d.device.name = 'temperature' and d.sensorData.value <= 15  
29.10.2015 17:41:42.141 [INFO ] [main           ] ngine.impl.EsperEPLTransformer - Generated EPL: insert into Event select 'detectTemperatureAbove25' as name from DeviceData as d where d.device.name = 'temperature' and d.sensorData.value >= 25  
29.10.2015 17:41:42.141 [INFO ] [main           ] ngine.impl.EsperEPLTransformer - Generated EPL: [select * from pattern [every a=Event(name = 'detectTemperatureUnder15') -> b=Event(name = 'detectTemperatureAbove25')]] 
29.10.2015 17:41:42.142 [INFO ] [main           ] ngine.impl.EsperEPLTransformer - Generated EPL: insert into Event select 'detectTemperatureAbove25' as name from DeviceData as d where d.device.name = 'temperature' and d.sensorData.value >= 25  
29.10.2015 17:41:42.142 [INFO ] [main           ] ngine.impl.EsperEPLTransformer - Generated EPL: insert into Event select 'detectTemperatureUnder15' as name from DeviceData as d where d.device.name = 'temperature' and d.sensorData.value <= 15  
29.10.2015 17:41:42.142 [INFO ] [main           ] ngine.impl.EsperEPLTransformer - Generated EPL: [select * from pattern [every a=Event(name = 'detectTemperatureAbove25') -> b=Event(name = 'detectTemperatureUnder15')]] 
29.10.2015 17:41:43.180 [INFO ] [main           ] ngine.impl.EsperEPLTransformer - Generated EPL: insert into Event select 'query1' as name from DeviceData as d where d.device.name = 'device1'  
29.10.2015 17:41:43.183 [INFO ] [main           ] ngine.impl.EsperEPLTransformer - Generated EPL: insert into Event select 'query2' as name from DeviceData as d where d.device.name = 'device2'  
29.10.2015 17:41:43.186 [INFO ] [main           ] ngine.impl.EsperEPLTransformer - Generated EPL: insert into Event select 'query3' as name from DeviceData as d where d.device.name = 'device3'  
29.10.2015 17:41:43.490 [INFO ] [main           ] ngine.impl.EsperEPLTransformer - Generated EPL: insert into Event select 'query1' as name from DeviceData as d where d.device.name = 'device1'  
29.10.2015 17:41:43.805 [INFO ] [main           ] ngine.impl.EsperEPLTransformer - Generated EPL: insert into Event select 'query' as name from DeviceData as d where d.device.id = 1 and d.device.name = 'device1'  
29.10.2015 17:41:44.110 [INFO ] [main           ] ngine.impl.EsperEPLTransformer - Generated EPL: insert into Event select 'query' as name from DeviceData as d where d.device.id = 1 or d.device.name = 'device2'  
29.10.2015 17:41:44.455 [INFO ] [main           ] ngine.impl.EsperEPLTransformer - Generated EPL: insert into Event select 'query' as name from DeviceData as d where not(d.device.id = 1)  
29.10.2015 17:41:44.758 [INFO ] [main           ] ngine.impl.EsperEPLTransformer - Generated EPL: insert into AggregatedValue select sum(d.device.id) as value from DeviceData as d  
29.10.2015 17:41:44.759 [INFO ] [main           ] ngine.impl.EsperEPLTransformer - Generated EPL: select * from AggregatedValue where value >= 3 
29.10.2015 17:41:45.138 [INFO ] [main           ] ngine.impl.EsperEPLTransformer - Generated EPL: insert into AggregatedValue select min(d.device.id) as value from DeviceData as d  
29.10.2015 17:41:45.138 [INFO ] [main           ] ngine.impl.EsperEPLTransformer - Generated EPL: select * from AggregatedValue where value >= 3 
29.10.2015 17:41:45.421 [INFO ] [main           ] ngine.impl.EsperEPLTransformer - Generated EPL: insert into AggregatedValue select max(d.device.id) as value from DeviceData as d  
29.10.2015 17:41:45.421 [INFO ] [main           ] ngine.impl.EsperEPLTransformer - Generated EPL: select * from AggregatedValue where value >= 2 
29.10.2015 17:41:45.785 [INFO ] [main           ] ngine.impl.EsperEPLTransformer - Generated EPL: insert into AggregatedValue select sum(d.device.id) as value from DeviceData as d where  d.device.id = 2 
29.10.2015 17:41:45.785 [INFO ] [main           ] ngine.impl.EsperEPLTransformer - Generated EPL: select * from AggregatedValue where value >= 2 
29.10.2015 17:41:46.133 [INFO ] [main           ] ngine.impl.EsperEPLTransformer - Generated EPL: insert into Event select 'query' as name from DeviceData as d where d.device.id >= 1 AND (d.domain.name = 'domain1' ) 
29.10.2015 17:41:46.463 [INFO ] [main           ] ngine.impl.EsperEPLTransformer - Generated EPL: insert into Event select 'query' as name from DeviceData as d where d.device.id >= 2 AND (d.domain.name = 'domain1' ) 
29.10.2015 17:41:46.792 [INFO ] [main           ] ngine.impl.EsperEPLTransformer - Generated EPL: insert into Event select 'query' as name from DeviceData as d where d.device.id >= 0 AND (d.domain.name = 'domain' ) 
29.10.2015 17:41:47.105 [INFO ] [main           ] ngine.impl.EsperEPLTransformer - Generated EPL: insert into Event select 'query' as name from DeviceData.win:length(1) as d where d.device.id = 1  
29.10.2015 17:41:47.421 [INFO ] [main           ] ngine.impl.EsperEPLTransformer - Generated EPL: insert into AggregatedValue select sum(d.device.id) as value from DeviceData.win:length(1) as d  
29.10.2015 17:41:47.421 [INFO ] [main           ] ngine.impl.EsperEPLTransformer - Generated EPL: select * from AggregatedValue where value >= 4 
29.10.2015 17:41:47.725 [INFO ] [main           ] ngine.impl.EsperEPLTransformer - Generated EPL: insert into AggregatedValue select sum(d.device.id) as value from DeviceData.win:length(2) as d  
29.10.2015 17:41:47.725 [INFO ] [main           ] ngine.impl.EsperEPLTransformer - Generated EPL: select * from AggregatedValue where value >= 4 
29.10.2015 17:41:48.057 [INFO ] [main           ] ngine.impl.EsperEPLTransformer - Generated EPL: insert into AggregatedValue select min(d.device.id) as value from DeviceData.win:length(2) as d  
29.10.2015 17:41:48.057 [INFO ] [main           ] ngine.impl.EsperEPLTransformer - Generated EPL: select * from AggregatedValue where value < 2 
29.10.2015 17:41:48.344 [INFO ] [main           ] ngine.impl.EsperEPLTransformer - Generated EPL: insert into AggregatedValue select count(d.device.id) as value from DeviceData.win:length(2) as d  
29.10.2015 17:41:48.344 [INFO ] [main           ] ngine.impl.EsperEPLTransformer - Generated EPL: select * from AggregatedValue where value = 3 
29.10.2015 17:41:48.703 [INFO ] [main           ] ngine.impl.EsperEPLTransformer - Generated EPL: insert into AggregatedValue select count(d.device.id) as value from DeviceData.win:length(3) as d  
29.10.2015 17:41:48.703 [INFO ] [main           ] ngine.impl.EsperEPLTransformer - Generated EPL: select * from AggregatedValue where value = 3 
29.10.2015 17:41:49.007 [INFO ] [main           ] ngine.impl.EsperEPLTransformer - Generated EPL: insert into AggregatedValue select sum(d.device.id) as value from DeviceData.win:length(2) as d  
29.10.2015 17:41:49.007 [INFO ] [main           ] ngine.impl.EsperEPLTransformer - Generated EPL: select * from AggregatedValue where value >= 3 
29.10.2015 17:41:49.609 [INFO ] [main           ] e.p.rest.EProcManageDataTest   - Starting EProcManageDataTest on ATCSL665088 with PID 5200 (D:\Java\workspace_Alligatorbirne\alligatorbirne\event-processing\target\test-classes started by q375980 in D:\Java\workspace_Alligatorbirne\alligatorbirne\event-processing) 
29.10.2015 17:41:51.978 [INFO ] [main           ] essing.engine.impl.EsperEngine - Adding event type. EventTypeName: ConfigurationModification, Class: common.data.ConfigurationModification 
29.10.2015 17:41:51.978 [INFO ] [main           ] essing.engine.impl.EsperEngine - Adding event type. EventTypeName: DeviceData, Class: common.data.model.DeviceData 
29.10.2015 17:41:51.978 [INFO ] [main           ] essing.engine.impl.EsperEngine - Adding event type. EventTypeName: DeviceInformation, Class: common.data.model.DeviceInformation 
29.10.2015 17:41:51.978 [INFO ] [main           ] essing.engine.impl.EsperEngine - Adding event type. EventTypeName: DomainInformation, Class: common.data.model.DomainInformation 
29.10.2015 17:41:52.513 [INFO ] [main           ] e.p.rest.EProcManageDataTest   - Started EProcManageDataTest in 2.928 seconds (JVM running for 17.794) 
29.10.2015 17:41:53.774 [INFO ] [o-auto-1-exec-1] e.p.rest.EProcManageDataImpl   - POST /send is invoked. 
29.10.2015 17:41:53.774 [INFO ] [o-auto-1-exec-1] e.p.rest.EProcManageDataImpl   - DeviceData [sensorData=null, device=DeviceInformation [id=1, name=deviceInfoName, type=SENSOR], domain=DomainInformation [id=2, name=domainInfoName, type=FIRST_FLOOR]] 
29.10.2015 17:41:53.855 [INFO ] [o-auto-1-exec-2] .rest.EProcManageStatementImpl - POST /registrations/query/{name} is invoked. 
29.10.2015 17:41:53.870 [INFO ] [o-auto-1-exec-3] .rest.EProcManageStatementImpl - POST /registrations/rule/{name} is invoked. 
29.10.2015 17:41:53.893 [INFO ] [o-auto-1-exec-4] .rest.EProcManageStatementImpl - GET /registrations/queries is invoked. 
29.10.2015 17:41:53.967 [INFO ] [o-auto-1-exec-5] .rest.EProcManageStatementImpl - GET /registrations/queries is invoked. 
29.10.2015 17:41:53.986 [INFO ] [o-auto-1-exec-6] .rest.EProcManageStatementImpl - POST /registrations/query/{name} is invoked. 
29.10.2015 17:41:54.002 [INFO ] [o-auto-1-exec-7] .rest.EProcManageStatementImpl - POST /registrations/query/{name} is invoked. 
29.10.2015 17:41:54.018 [INFO ] [o-auto-1-exec-8] .rest.EProcManageStatementImpl - POST /registrations/query/{name} is invoked. 
29.10.2015 17:41:54.021 [ERROR] [o-auto-1-exec-8] processing.rest.EP_ERROR_CODES - Couldn't parse query. Please check syntax. 
29.10.2015 17:41:54.039 [INFO ] [o-auto-1-exec-9] .rest.EProcManageStatementImpl - POST /registrations/query/{name} is invoked. 
29.10.2015 17:41:54.053 [INFO ] [-auto-1-exec-10] .rest.EProcManageStatementImpl - POST /registrations/rule/{name} is invoked. 
29.10.2015 17:41:54.063 [INFO ] [o-auto-1-exec-1] .rest.EProcManageStatementImpl - GET /activations/rule/{name} is invoked. 
29.10.2015 17:41:54.064 [INFO ] [o-auto-1-exec-1] ngine.impl.EsperEPLTransformer - Generated EPL: insert into Event select 'alligatorbirne15' as name from DeviceData as d where d.device.name = 'device1'  
29.10.2015 17:41:54.130 [INFO ] [o-auto-1-exec-2] .rest.EProcManageStatementImpl - POST /registrations/query/{name} is invoked. 
29.10.2015 17:41:54.147 [INFO ] [o-auto-1-exec-3] .rest.EProcManageStatementImpl - DELETE /deregistrations/query/{name} is invoked. 
29.10.2015 17:41:54.162 [INFO ] [o-auto-1-exec-4] .rest.EProcManageStatementImpl - POST /registrations/query/{name} is invoked. 
29.10.2015 17:41:54.174 [INFO ] [o-auto-1-exec-5] .rest.EProcManageStatementImpl - POST /registrations/query/{name} is invoked. 
29.10.2015 17:41:54.174 [ERROR] [o-auto-1-exec-5] processing.rest.EP_ERROR_CODES - Query with the same name already exists. 
29.10.2015 17:41:54.193 [INFO ] [o-auto-1-exec-6] .rest.EProcManageStatementImpl - POST /registrations/query/{name} is invoked. 
29.10.2015 17:41:54.207 [INFO ] [o-auto-1-exec-7] .rest.EProcManageStatementImpl - POST /registrations/rule/{name} is invoked. 
29.10.2015 17:41:54.221 [INFO ] [o-auto-1-exec-8] .rest.EProcManageStatementImpl - DELETE /deregistrations/rule/{name} is invoked. 
29.10.2015 17:41:54.231 [INFO ] [o-auto-1-exec-9] .rest.EProcManageStatementImpl - POST /registrations/query/{name} is invoked. 
29.10.2015 17:41:54.239 [INFO ] [-auto-1-exec-10] .rest.EProcManageStatementImpl - POST /registrations/rule/{name} is invoked. 
29.10.2015 17:41:54.246 [INFO ] [o-auto-1-exec-1] .rest.EProcManageStatementImpl - GET /activations/rule/{name} is invoked. 
29.10.2015 17:41:54.247 [INFO ] [o-auto-1-exec-1] ngine.impl.EsperEPLTransformer - Generated EPL: insert into Event select 'alligatorbirne23' as name from DeviceData as d where d.device.name = 'device1'  
29.10.2015 17:41:54.336 [INFO ] [o-auto-1-exec-2] .rest.EProcManageStatementImpl - GET /deactivations/rule/{name} is invoked. 
29.10.2015 17:41:54.336 [INFO ] [o-auto-1-exec-2] ngine.impl.EsperEPLTransformer - Generated EPL: insert into Event select 'alligatorbirne23' as name from DeviceData as d where d.device.name = 'device1'  
29.10.2015 17:41:54.336 [INFO ] [o-auto-1-exec-3] .rest.EProcManageStatementImpl - POST /registrations/query/{name} is invoked. 
29.10.2015 17:41:54.352 [INFO ] [o-auto-1-exec-4] .rest.EProcManageStatementImpl - POST /registrations/rule/{name} is invoked. 
29.10.2015 17:41:54.367 [INFO ] [o-auto-1-exec-5] .rest.EProcManageStatementImpl - POST /registrations/rule/{name} is invoked. 
29.10.2015 17:41:54.367 [ERROR] [o-auto-1-exec-5] processing.rest.EP_ERROR_CODES - Rule with the same name already exists. 
30.10.2015 13:48:21.565 [INFO ] [main           ] q.esper.EsperEngineFactoryTest - Starting EsperEngineFactoryTest on ATCSL665088 with PID 8740 (D:\Java\workspace_Alligatorbirne\alligatorbirne\event-processing\target\test-classes started by q375980 in D:\Java\workspace_Alligatorbirne\alligatorbirne\event-processing) 
30.10.2015 13:48:24.043 [INFO ] [main           ] essing.engine.impl.EsperEngine - Adding event type. EventTypeName: ConfigurationModification, Class: common.data.ConfigurationModification 
30.10.2015 13:48:24.045 [INFO ] [main           ] essing.engine.impl.EsperEngine - Adding event type. EventTypeName: DeviceData, Class: common.data.model.DeviceData 
30.10.2015 13:48:24.045 [INFO ] [main           ] essing.engine.impl.EsperEngine - Adding event type. EventTypeName: DeviceInformation, Class: common.data.model.DeviceInformation 
30.10.2015 13:48:24.045 [INFO ] [main           ] essing.engine.impl.EsperEngine - Adding event type. EventTypeName: DomainInformation, Class: common.data.model.DomainInformation 
30.10.2015 13:48:24.677 [INFO ] [main           ] q.esper.EsperEngineFactoryTest - Started EsperEngineFactoryTest in 3.286 seconds (JVM running for 4.005) 
30.10.2015 13:48:24.787 [INFO ] [main           ] ngine.impl.EsperEPLTransformer - Generated EPL: insert into Event select 'name1' as name from DeviceData as d where d.device.id = 1  
30.10.2015 13:48:24.787 [INFO ] [main           ] ngine.impl.EsperEPLTransformer - Generated EPL: insert into Event select 'name2' as name from DeviceData as d where d.device.id = 2  
30.10.2015 13:48:24.788 [INFO ] [main           ] ngine.impl.EsperEPLTransformer - Generated EPL: [select * from pattern [every a=Event(name = 'name1') -> b=Event(name = 'name2')]] 
30.10.2015 13:48:25.641 [INFO ] [main           ] ngine.impl.EsperEPLTransformer - Generated EPL: insert into Event select 'name2' as name from DeviceData as d where d.device.id = 2  
30.10.2015 13:48:25.642 [INFO ] [main           ] ngine.impl.EsperEPLTransformer - Generated EPL: insert into Event select 'name1' as name from DeviceData as d where d.device.id = 1  
30.10.2015 13:48:25.642 [INFO ] [main           ] ngine.impl.EsperEPLTransformer - Generated EPL: [select * from pattern [every a=Event(name = 'name2') -> b=Event(name = 'name1')]] 
30.10.2015 13:48:25.956 [INFO ] [main           ] ngine.impl.EsperEPLTransformer - Generated EPL: insert into Event select 'name1' as name from DeviceData as d where d.device.id = 1  
30.10.2015 13:48:25.956 [INFO ] [main           ] ngine.impl.EsperEPLTransformer - Generated EPL: insert into Event select 'name2' as name from DeviceData as d where d.device.id = 2  
30.10.2015 13:48:25.956 [INFO ] [main           ] ngine.impl.EsperEPLTransformer - Generated EPL: insert into Event select 'name3' as name from DeviceData as d where d.device.id = 3  
30.10.2015 13:48:25.957 [INFO ] [main           ] ngine.impl.EsperEPLTransformer - Generated EPL: [select * from pattern [every a=Event(name = 'name1') -> b=Event(name = 'name2') -> c=Event(name = 'name3')]] 
30.10.2015 13:48:26.273 [INFO ] [main           ] ngine.impl.EsperEPLTransformer - Generated EPL: insert into Event select 'name1' as name from DeviceData as d where d.device.id = 1  
30.10.2015 13:48:26.273 [INFO ] [main           ] ngine.impl.EsperEPLTransformer - Generated EPL: insert into Event select 'name2' as name from DeviceData as d where d.device.id = 2  
30.10.2015 13:48:26.273 [INFO ] [main           ] ngine.impl.EsperEPLTransformer - Generated EPL: [select * from pattern [every a=Event(name = 'name1') -> b=Event(name = 'name2')]] 
30.10.2015 13:48:26.710 [INFO ] [main           ] ngine.impl.EsperEPLTransformer - Generated EPL: insert into Event select 'name1' as name from DeviceData as d where d.device.id = 1  
30.10.2015 13:48:26.710 [INFO ] [main           ] ngine.impl.EsperEPLTransformer - Generated EPL: insert into Event select 'name2' as name from DeviceData as d where d.device.id = 2  
30.10.2015 13:48:26.710 [INFO ] [main           ] ngine.impl.EsperEPLTransformer - Generated EPL: [select * from pattern [every a=Event(name = 'name1') -> b=Event(name = 'name2')]] 
30.10.2015 13:48:27.121 [INFO ] [main           ] ngine.impl.EsperEPLTransformer - Generated EPL: insert into Event select 'name1' as name from DeviceData as d where d.device.id = 1  
30.10.2015 13:48:27.121 [INFO ] [main           ] ngine.impl.EsperEPLTransformer - Generated EPL: insert into Event select 'name2' as name from DeviceData as d where d.device.id = 2  
30.10.2015 13:48:27.121 [INFO ] [main           ] ngine.impl.EsperEPLTransformer - Generated EPL: [select * from pattern [every a=Event(name = 'name1') -> b=Event(name = 'name2')]] 
30.10.2015 13:48:27.936 [INFO ] [main           ] ngine.impl.EsperEPLTransformer - Generated EPL: insert into Event select 'detectTemperatureUnder15' as name from DeviceData as d where d.device.name = 'temperature' and d.sensorData.value <= 15  
30.10.2015 13:48:27.936 [INFO ] [main           ] ngine.impl.EsperEPLTransformer - Generated EPL: insert into Event select 'detectTemperatureAbove25' as name from DeviceData as d where d.device.name = 'temperature' and d.sensorData.value >= 25  
30.10.2015 13:48:27.937 [INFO ] [main           ] ngine.impl.EsperEPLTransformer - Generated EPL: [select * from pattern [every a=Event(name = 'detectTemperatureUnder15') -> b=Event(name = 'detectTemperatureAbove25')]] 
30.10.2015 13:48:27.937 [INFO ] [main           ] ngine.impl.EsperEPLTransformer - Generated EPL: insert into Event select 'detectTemperatureAbove25' as name from DeviceData as d where d.device.name = 'temperature' and d.sensorData.value >= 25  
30.10.2015 13:48:27.938 [INFO ] [main           ] ngine.impl.EsperEPLTransformer - Generated EPL: insert into Event select 'detectTemperatureUnder15' as name from DeviceData as d where d.device.name = 'temperature' and d.sensorData.value <= 15  
30.10.2015 13:48:27.938 [INFO ] [main           ] ngine.impl.EsperEPLTransformer - Generated EPL: [select * from pattern [every a=Event(name = 'detectTemperatureAbove25') -> b=Event(name = 'detectTemperatureUnder15')]] 
30.10.2015 13:48:28.972 [INFO ] [main           ] ngine.impl.EsperEPLTransformer - Generated EPL: insert into Event select 'query1' as name from DeviceData as d where d.device.name = 'device1'  
30.10.2015 13:48:28.975 [INFO ] [main           ] ngine.impl.EsperEPLTransformer - Generated EPL: insert into Event select 'query2' as name from DeviceData as d where d.device.name = 'device2'  
30.10.2015 13:48:28.978 [INFO ] [main           ] ngine.impl.EsperEPLTransformer - Generated EPL: insert into Event select 'query3' as name from DeviceData as d where d.device.name = 'device3'  
30.10.2015 13:48:29.282 [INFO ] [main           ] ngine.impl.EsperEPLTransformer - Generated EPL: insert into Event select 'query1' as name from DeviceData as d where d.device.name = 'device1'  
30.10.2015 13:48:29.596 [INFO ] [main           ] ngine.impl.EsperEPLTransformer - Generated EPL: insert into Event select 'query' as name from DeviceData as d where d.device.id = 1 and d.device.name = 'device1'  
30.10.2015 13:48:29.901 [INFO ] [main           ] ngine.impl.EsperEPLTransformer - Generated EPL: insert into Event select 'query' as name from DeviceData as d where d.device.id = 1 or d.device.name = 'device2'  
30.10.2015 13:48:30.213 [INFO ] [main           ] ngine.impl.EsperEPLTransformer - Generated EPL: insert into Event select 'query' as name from DeviceData as d where not(d.device.id = 1)  
30.10.2015 13:48:30.531 [INFO ] [main           ] ngine.impl.EsperEPLTransformer - Generated EPL: insert into AggregatedValue select sum(d.device.id) as value from DeviceData as d  
30.10.2015 13:48:30.532 [INFO ] [main           ] ngine.impl.EsperEPLTransformer - Generated EPL: select * from AggregatedValue where value >= 3 
30.10.2015 13:48:30.851 [INFO ] [main           ] ngine.impl.EsperEPLTransformer - Generated EPL: insert into AggregatedValue select min(d.device.id) as value from DeviceData as d  
30.10.2015 13:48:30.852 [INFO ] [main           ] ngine.impl.EsperEPLTransformer - Generated EPL: select * from AggregatedValue where value >= 3 
30.10.2015 13:48:31.165 [INFO ] [main           ] ngine.impl.EsperEPLTransformer - Generated EPL: insert into AggregatedValue select max(d.device.id) as value from DeviceData as d  
30.10.2015 13:48:31.165 [INFO ] [main           ] ngine.impl.EsperEPLTransformer - Generated EPL: select * from AggregatedValue where value >= 2 
30.10.2015 13:48:31.470 [INFO ] [main           ] ngine.impl.EsperEPLTransformer - Generated EPL: insert into AggregatedValue select sum(d.device.id) as value from DeviceData as d where  d.device.id = 2 
30.10.2015 13:48:31.471 [INFO ] [main           ] ngine.impl.EsperEPLTransformer - Generated EPL: select * from AggregatedValue where value >= 2 
30.10.2015 13:48:31.797 [INFO ] [main           ] ngine.impl.EsperEPLTransformer - Generated EPL: insert into Event select 'query' as name from DeviceData as d where d.device.id >= 1 AND (d.domain.name = 'domain1' ) 
30.10.2015 13:48:32.102 [INFO ] [main           ] ngine.impl.EsperEPLTransformer - Generated EPL: insert into Event select 'query' as name from DeviceData as d where d.device.id >= 2 AND (d.domain.name = 'domain1' ) 
30.10.2015 13:48:32.405 [INFO ] [main           ] ngine.impl.EsperEPLTransformer - Generated EPL: insert into Event select 'query' as name from DeviceData as d where d.device.id >= 0 AND (d.domain.name = 'domain' ) 
30.10.2015 13:48:32.723 [INFO ] [main           ] ngine.impl.EsperEPLTransformer - Generated EPL: insert into Event select 'query' as name from DeviceData.win:length(1) as d where d.device.id = 1  
30.10.2015 13:48:33.032 [INFO ] [main           ] ngine.impl.EsperEPLTransformer - Generated EPL: insert into AggregatedValue select sum(d.device.id) as value from DeviceData.win:length(1) as d  
30.10.2015 13:48:33.032 [INFO ] [main           ] ngine.impl.EsperEPLTransformer - Generated EPL: select * from AggregatedValue where value >= 4 
30.10.2015 13:48:33.335 [INFO ] [main           ] ngine.impl.EsperEPLTransformer - Generated EPL: insert into AggregatedValue select sum(d.device.id) as value from DeviceData.win:length(2) as d  
30.10.2015 13:48:33.336 [INFO ] [main           ] ngine.impl.EsperEPLTransformer - Generated EPL: select * from AggregatedValue where value >= 4 
30.10.2015 13:48:33.639 [INFO ] [main           ] ngine.impl.EsperEPLTransformer - Generated EPL: insert into AggregatedValue select min(d.device.id) as value from DeviceData.win:length(2) as d  
30.10.2015 13:48:33.640 [INFO ] [main           ] ngine.impl.EsperEPLTransformer - Generated EPL: select * from AggregatedValue where value < 2 
30.10.2015 13:48:33.945 [INFO ] [main           ] ngine.impl.EsperEPLTransformer - Generated EPL: insert into AggregatedValue select count(d.device.id) as value from DeviceData.win:length(2) as d  
30.10.2015 13:48:33.945 [INFO ] [main           ] ngine.impl.EsperEPLTransformer - Generated EPL: select * from AggregatedValue where value = 3 
30.10.2015 13:48:34.253 [INFO ] [main           ] ngine.impl.EsperEPLTransformer - Generated EPL: insert into AggregatedValue select count(d.device.id) as value from DeviceData.win:length(3) as d  
30.10.2015 13:48:34.253 [INFO ] [main           ] ngine.impl.EsperEPLTransformer - Generated EPL: select * from AggregatedValue where value = 3 
30.10.2015 13:48:34.558 [INFO ] [main           ] ngine.impl.EsperEPLTransformer - Generated EPL: insert into AggregatedValue select sum(d.device.id) as value from DeviceData.win:length(2) as d  
30.10.2015 13:48:34.558 [INFO ] [main           ] ngine.impl.EsperEPLTransformer - Generated EPL: select * from AggregatedValue where value >= 3 
30.10.2015 13:48:35.136 [INFO ] [main           ] e.p.rest.EProcManageDataTest   - Starting EProcManageDataTest on ATCSL665088 with PID 8740 (D:\Java\workspace_Alligatorbirne\alligatorbirne\event-processing\target\test-classes started by q375980 in D:\Java\workspace_Alligatorbirne\alligatorbirne\event-processing) 
30.10.2015 13:48:37.498 [INFO ] [main           ] essing.engine.impl.EsperEngine - Adding event type. EventTypeName: ConfigurationModification, Class: common.data.ConfigurationModification 
30.10.2015 13:48:37.498 [INFO ] [main           ] essing.engine.impl.EsperEngine - Adding event type. EventTypeName: DeviceData, Class: common.data.model.DeviceData 
30.10.2015 13:48:37.498 [INFO ] [main           ] essing.engine.impl.EsperEngine - Adding event type. EventTypeName: DeviceInformation, Class: common.data.model.DeviceInformation 
30.10.2015 13:48:37.498 [INFO ] [main           ] essing.engine.impl.EsperEngine - Adding event type. EventTypeName: DomainInformation, Class: common.data.model.DomainInformation 
30.10.2015 13:48:38.130 [INFO ] [main           ] e.p.rest.EProcManageDataTest   - Started EProcManageDataTest in 3.02 seconds (JVM running for 17.458) 
30.10.2015 13:48:39.428 [INFO ] [o-auto-1-exec-1] e.p.rest.EProcManageDataImpl   - POST /send is invoked. 
30.10.2015 13:48:39.431 [INFO ] [o-auto-1-exec-1] e.p.rest.EProcManageDataImpl   - DeviceData [sensorData=null, device=DeviceInformation [id=1, name=deviceInfoName, type=SENSOR], domain=DomainInformation [id=2, name=domainInfoName, type=FIRST_FLOOR]] 
30.10.2015 13:48:39.539 [INFO ] [o-auto-1-exec-2] .rest.EProcManageStatementImpl - POST /registrations/query/{name} is invoked. 
30.10.2015 13:48:39.555 [INFO ] [o-auto-1-exec-3] .rest.EProcManageStatementImpl - POST /registrations/rule/{name} is invoked. 
30.10.2015 13:48:39.573 [INFO ] [o-auto-1-exec-4] .rest.EProcManageStatementImpl - GET /registrations/queries is invoked. 
30.10.2015 13:48:39.637 [INFO ] [o-auto-1-exec-5] .rest.EProcManageStatementImpl - GET /registrations/queries is invoked. 
30.10.2015 13:48:39.651 [INFO ] [o-auto-1-exec-6] .rest.EProcManageStatementImpl - POST /registrations/query/{name} is invoked. 
30.10.2015 13:48:39.667 [INFO ] [o-auto-1-exec-7] .rest.EProcManageStatementImpl - POST /registrations/query/{name} is invoked. 
30.10.2015 13:48:39.684 [INFO ] [o-auto-1-exec-8] .rest.EProcManageStatementImpl - POST /registrations/query/{name} is invoked. 
30.10.2015 13:48:39.687 [ERROR] [o-auto-1-exec-8] processing.rest.EP_ERROR_CODES - Couldn't parse query. Please check syntax. 
30.10.2015 13:48:39.704 [INFO ] [o-auto-1-exec-9] .rest.EProcManageStatementImpl - POST /registrations/query/{name} is invoked. 
30.10.2015 13:48:39.715 [INFO ] [-auto-1-exec-10] .rest.EProcManageStatementImpl - POST /registrations/rule/{name} is invoked. 
30.10.2015 13:48:39.727 [INFO ] [o-auto-1-exec-1] .rest.EProcManageStatementImpl - GET /activations/rule/{name} is invoked. 
30.10.2015 13:48:39.728 [INFO ] [o-auto-1-exec-1] ngine.impl.EsperEPLTransformer - Generated EPL: insert into Event select 'alligatorbirne15' as name from DeviceData as d where d.device.name = 'device1'  
30.10.2015 13:48:39.781 [INFO ] [o-auto-1-exec-2] .rest.EProcManageStatementImpl - POST /registrations/query/{name} is invoked. 
30.10.2015 13:48:39.797 [INFO ] [o-auto-1-exec-3] .rest.EProcManageStatementImpl - DELETE /deregistrations/query/{name} is invoked. 
30.10.2015 13:48:39.812 [INFO ] [o-auto-1-exec-4] .rest.EProcManageStatementImpl - POST /registrations/query/{name} is invoked. 
30.10.2015 13:48:39.823 [INFO ] [o-auto-1-exec-5] .rest.EProcManageStatementImpl - POST /registrations/query/{name} is invoked. 
30.10.2015 13:48:39.823 [ERROR] [o-auto-1-exec-5] processing.rest.EP_ERROR_CODES - Query with the same name already exists. 
30.10.2015 13:48:39.841 [INFO ] [o-auto-1-exec-6] .rest.EProcManageStatementImpl - POST /registrations/query/{name} is invoked. 
30.10.2015 13:48:39.853 [INFO ] [o-auto-1-exec-7] .rest.EProcManageStatementImpl - POST /registrations/rule/{name} is invoked. 
30.10.2015 13:48:39.866 [INFO ] [o-auto-1-exec-8] .rest.EProcManageStatementImpl - DELETE /deregistrations/rule/{name} is invoked. 
30.10.2015 13:48:39.877 [INFO ] [o-auto-1-exec-9] .rest.EProcManageStatementImpl - POST /registrations/query/{name} is invoked. 
30.10.2015 13:48:39.887 [INFO ] [-auto-1-exec-10] .rest.EProcManageStatementImpl - POST /registrations/rule/{name} is invoked. 
30.10.2015 13:48:39.898 [INFO ] [o-auto-1-exec-1] .rest.EProcManageStatementImpl - GET /activations/rule/{name} is invoked. 
30.10.2015 13:48:39.898 [INFO ] [o-auto-1-exec-1] ngine.impl.EsperEPLTransformer - Generated EPL: insert into Event select 'alligatorbirne23' as name from DeviceData as d where d.device.name = 'device1'  
30.10.2015 13:48:39.953 [INFO ] [o-auto-1-exec-2] .rest.EProcManageStatementImpl - GET /deactivations/rule/{name} is invoked. 
30.10.2015 13:48:39.954 [INFO ] [o-auto-1-exec-2] ngine.impl.EsperEPLTransformer - Generated EPL: insert into Event select 'alligatorbirne23' as name from DeviceData as d where d.device.name = 'device1'  
30.10.2015 13:48:39.967 [INFO ] [o-auto-1-exec-3] .rest.EProcManageStatementImpl - POST /registrations/query/{name} is invoked. 
30.10.2015 13:48:39.977 [INFO ] [o-auto-1-exec-4] .rest.EProcManageStatementImpl - POST /registrations/rule/{name} is invoked. 
30.10.2015 13:48:39.985 [INFO ] [o-auto-1-exec-5] .rest.EProcManageStatementImpl - POST /registrations/rule/{name} is invoked. 
30.10.2015 13:48:39.986 [ERROR] [o-auto-1-exec-5] processing.rest.EP_ERROR_CODES - Rule with the same name already exists. 
30.10.2015 17:17:42.620 [INFO ] [main           ] q.esper.EsperEngineFactoryTest - Starting EsperEngineFactoryTest on ATCSL665088 with PID 8632 (D:\Java\workspace_Alligatorbirne\alligatorbirne\event-processing\target\test-classes started by q375980 in D:\Java\workspace_Alligatorbirne\alligatorbirne\event-processing) 
30.10.2015 17:17:45.178 [INFO ] [main           ] essing.engine.impl.EsperEngine - Adding event type. EventTypeName: ConfigurationModification, Class: common.data.ConfigurationModification 
30.10.2015 17:17:45.180 [INFO ] [main           ] essing.engine.impl.EsperEngine - Adding event type. EventTypeName: DeviceData, Class: common.data.model.DeviceData 
30.10.2015 17:17:45.180 [INFO ] [main           ] essing.engine.impl.EsperEngine - Adding event type. EventTypeName: DeviceInformation, Class: common.data.model.DeviceInformation 
30.10.2015 17:17:45.180 [INFO ] [main           ] essing.engine.impl.EsperEngine - Adding event type. EventTypeName: DomainInformation, Class: common.data.model.DomainInformation 
30.10.2015 17:17:45.775 [INFO ] [main           ] q.esper.EsperEngineFactoryTest - Started EsperEngineFactoryTest in 3.329 seconds (JVM running for 4.061) 
30.10.2015 17:17:45.899 [INFO ] [main           ] ngine.impl.EsperEPLTransformer - Generated EPL: insert into Event select 'name1' as name from DeviceData as d where d.device.id = 1  
30.10.2015 17:17:45.899 [INFO ] [main           ] ngine.impl.EsperEPLTransformer - Generated EPL: insert into Event select 'name2' as name from DeviceData as d where d.device.id = 2  
30.10.2015 17:17:45.900 [INFO ] [main           ] ngine.impl.EsperEPLTransformer - Generated EPL: [select * from pattern [every a=Event(name = 'name1') -> b=Event(name = 'name2')]] 
30.10.2015 17:17:46.803 [INFO ] [main           ] ngine.impl.EsperEPLTransformer - Generated EPL: insert into Event select 'name2' as name from DeviceData as d where d.device.id = 2  
30.10.2015 17:17:46.803 [INFO ] [main           ] ngine.impl.EsperEPLTransformer - Generated EPL: insert into Event select 'name1' as name from DeviceData as d where d.device.id = 1  
30.10.2015 17:17:46.803 [INFO ] [main           ] ngine.impl.EsperEPLTransformer - Generated EPL: [select * from pattern [every a=Event(name = 'name2') -> b=Event(name = 'name1')]] 
30.10.2015 17:17:47.117 [INFO ] [main           ] ngine.impl.EsperEPLTransformer - Generated EPL: insert into Event select 'name1' as name from DeviceData as d where d.device.id = 1  
30.10.2015 17:17:47.117 [INFO ] [main           ] ngine.impl.EsperEPLTransformer - Generated EPL: insert into Event select 'name2' as name from DeviceData as d where d.device.id = 2  
30.10.2015 17:17:47.118 [INFO ] [main           ] ngine.impl.EsperEPLTransformer - Generated EPL: insert into Event select 'name3' as name from DeviceData as d where d.device.id = 3  
30.10.2015 17:17:47.118 [INFO ] [main           ] ngine.impl.EsperEPLTransformer - Generated EPL: [select * from pattern [every a=Event(name = 'name1') -> b=Event(name = 'name2') -> c=Event(name = 'name3')]] 
30.10.2015 17:17:47.431 [INFO ] [main           ] ngine.impl.EsperEPLTransformer - Generated EPL: insert into Event select 'name1' as name from DeviceData as d where d.device.id = 1  
30.10.2015 17:17:47.431 [INFO ] [main           ] ngine.impl.EsperEPLTransformer - Generated EPL: insert into Event select 'name2' as name from DeviceData as d where d.device.id = 2  
30.10.2015 17:17:47.431 [INFO ] [main           ] ngine.impl.EsperEPLTransformer - Generated EPL: [select * from pattern [every a=Event(name = 'name1') -> b=Event(name = 'name2')]] 
30.10.2015 17:17:47.876 [INFO ] [main           ] ngine.impl.EsperEPLTransformer - Generated EPL: insert into Event select 'name1' as name from DeviceData as d where d.device.id = 1  
30.10.2015 17:17:47.877 [INFO ] [main           ] ngine.impl.EsperEPLTransformer - Generated EPL: insert into Event select 'name2' as name from DeviceData as d where d.device.id = 2  
30.10.2015 17:17:47.877 [INFO ] [main           ] ngine.impl.EsperEPLTransformer - Generated EPL: [select * from pattern [every a=Event(name = 'name1') -> b=Event(name = 'name2')]] 
30.10.2015 17:17:48.295 [INFO ] [main           ] ngine.impl.EsperEPLTransformer - Generated EPL: insert into Event select 'name1' as name from DeviceData as d where d.device.id = 1  
30.10.2015 17:17:48.295 [INFO ] [main           ] ngine.impl.EsperEPLTransformer - Generated EPL: insert into Event select 'name2' as name from DeviceData as d where d.device.id = 2  
30.10.2015 17:17:48.295 [INFO ] [main           ] ngine.impl.EsperEPLTransformer - Generated EPL: [select * from pattern [every a=Event(name = 'name1') -> b=Event(name = 'name2')]] 
30.10.2015 17:17:49.107 [INFO ] [main           ] ngine.impl.EsperEPLTransformer - Generated EPL: insert into Event select 'detectTemperatureUnder15' as name from DeviceData as d where d.device.name = 'temperature' and d.sensorData.value <= 15  
30.10.2015 17:17:49.108 [INFO ] [main           ] ngine.impl.EsperEPLTransformer - Generated EPL: insert into Event select 'detectTemperatureAbove25' as name from DeviceData as d where d.device.name = 'temperature' and d.sensorData.value >= 25  
30.10.2015 17:17:49.108 [INFO ] [main           ] ngine.impl.EsperEPLTransformer - Generated EPL: [select * from pattern [every a=Event(name = 'detectTemperatureUnder15') -> b=Event(name = 'detectTemperatureAbove25')]] 
30.10.2015 17:17:49.109 [INFO ] [main           ] ngine.impl.EsperEPLTransformer - Generated EPL: insert into Event select 'detectTemperatureAbove25' as name from DeviceData as d where d.device.name = 'temperature' and d.sensorData.value >= 25  
30.10.2015 17:17:49.109 [INFO ] [main           ] ngine.impl.EsperEPLTransformer - Generated EPL: insert into Event select 'detectTemperatureUnder15' as name from DeviceData as d where d.device.name = 'temperature' and d.sensorData.value <= 15  
30.10.2015 17:17:49.109 [INFO ] [main           ] ngine.impl.EsperEPLTransformer - Generated EPL: [select * from pattern [every a=Event(name = 'detectTemperatureAbove25') -> b=Event(name = 'detectTemperatureUnder15')]] 
30.10.2015 17:17:50.144 [INFO ] [main           ] ngine.impl.EsperEPLTransformer - Generated EPL: insert into Event select 'query1' as name from DeviceData as d where d.device.name = 'device1'  
30.10.2015 17:17:50.147 [INFO ] [main           ] ngine.impl.EsperEPLTransformer - Generated EPL: insert into Event select 'query2' as name from DeviceData as d where d.device.name = 'device2'  
30.10.2015 17:17:50.150 [INFO ] [main           ] ngine.impl.EsperEPLTransformer - Generated EPL: insert into Event select 'query3' as name from DeviceData as d where d.device.name = 'device3'  
30.10.2015 17:17:50.454 [INFO ] [main           ] ngine.impl.EsperEPLTransformer - Generated EPL: insert into Event select 'query1' as name from DeviceData as d where d.device.name = 'device1'  
30.10.2015 17:17:50.769 [INFO ] [main           ] ngine.impl.EsperEPLTransformer - Generated EPL: insert into Event select 'query' as name from DeviceData as d where d.device.id = 1 and d.device.name = 'device1'  
30.10.2015 17:17:51.074 [INFO ] [main           ] ngine.impl.EsperEPLTransformer - Generated EPL: insert into Event select 'query' as name from DeviceData as d where d.device.id = 1 or d.device.name = 'device2'  
30.10.2015 17:17:51.387 [INFO ] [main           ] ngine.impl.EsperEPLTransformer - Generated EPL: insert into Event select 'query' as name from DeviceData as d where not(d.device.id = 1)  
30.10.2015 17:17:51.706 [INFO ] [main           ] ngine.impl.EsperEPLTransformer - Generated EPL: insert into AggregatedValue select sum(d.device.id) as value from DeviceData as d  
30.10.2015 17:17:51.707 [INFO ] [main           ] ngine.impl.EsperEPLTransformer - Generated EPL: select * from AggregatedValue where value >= 3 
30.10.2015 17:17:52.030 [INFO ] [main           ] ngine.impl.EsperEPLTransformer - Generated EPL: insert into AggregatedValue select min(d.device.id) as value from DeviceData as d  
30.10.2015 17:17:52.030 [INFO ] [main           ] ngine.impl.EsperEPLTransformer - Generated EPL: select * from AggregatedValue where value >= 3 
30.10.2015 17:17:52.343 [INFO ] [main           ] ngine.impl.EsperEPLTransformer - Generated EPL: insert into AggregatedValue select max(d.device.id) as value from DeviceData as d  
30.10.2015 17:17:52.343 [INFO ] [main           ] ngine.impl.EsperEPLTransformer - Generated EPL: select * from AggregatedValue where value >= 2 
30.10.2015 17:17:52.648 [INFO ] [main           ] ngine.impl.EsperEPLTransformer - Generated EPL: insert into AggregatedValue select sum(d.device.id) as value from DeviceData as d where  d.device.id = 2 
30.10.2015 17:17:52.648 [INFO ] [main           ] ngine.impl.EsperEPLTransformer - Generated EPL: select * from AggregatedValue where value >= 2 
30.10.2015 17:17:52.974 [INFO ] [main           ] ngine.impl.EsperEPLTransformer - Generated EPL: insert into Event select 'query' as name from DeviceData as d where d.device.id >= 1 AND (d.domain.name = 'domain1' ) 
30.10.2015 17:17:53.279 [INFO ] [main           ] ngine.impl.EsperEPLTransformer - Generated EPL: insert into Event select 'query' as name from DeviceData as d where d.device.id >= 2 AND (d.domain.name = 'domain1' ) 
30.10.2015 17:17:53.584 [INFO ] [main           ] ngine.impl.EsperEPLTransformer - Generated EPL: insert into Event select 'query' as name from DeviceData as d where d.device.id >= 0 AND (d.domain.name = 'domain' ) 
30.10.2015 17:17:53.900 [INFO ] [main           ] ngine.impl.EsperEPLTransformer - Generated EPL: insert into Event select 'query' as name from DeviceData.win:length(1) as d where d.device.id = 1  
30.10.2015 17:17:54.208 [INFO ] [main           ] ngine.impl.EsperEPLTransformer - Generated EPL: insert into AggregatedValue select sum(d.device.id) as value from DeviceData.win:length(1) as d  
30.10.2015 17:17:54.208 [INFO ] [main           ] ngine.impl.EsperEPLTransformer - Generated EPL: select * from AggregatedValue where value >= 4 
30.10.2015 17:17:54.512 [INFO ] [main           ] ngine.impl.EsperEPLTransformer - Generated EPL: insert into AggregatedValue select sum(d.device.id) as value from DeviceData.win:length(2) as d  
30.10.2015 17:17:54.512 [INFO ] [main           ] ngine.impl.EsperEPLTransformer - Generated EPL: select * from AggregatedValue where value >= 4 
30.10.2015 17:17:54.825 [INFO ] [main           ] ngine.impl.EsperEPLTransformer - Generated EPL: insert into AggregatedValue select min(d.device.id) as value from DeviceData.win:length(2) as d  
30.10.2015 17:17:54.825 [INFO ] [main           ] ngine.impl.EsperEPLTransformer - Generated EPL: select * from AggregatedValue where value < 2 
30.10.2015 17:17:55.132 [INFO ] [main           ] ngine.impl.EsperEPLTransformer - Generated EPL: insert into AggregatedValue select count(d.device.id) as value from DeviceData.win:length(2) as d  
30.10.2015 17:17:55.132 [INFO ] [main           ] ngine.impl.EsperEPLTransformer - Generated EPL: select * from AggregatedValue where value = 3 
30.10.2015 17:17:55.438 [INFO ] [main           ] ngine.impl.EsperEPLTransformer - Generated EPL: insert into AggregatedValue select count(d.device.id) as value from DeviceData.win:length(3) as d  
30.10.2015 17:17:55.439 [INFO ] [main           ] ngine.impl.EsperEPLTransformer - Generated EPL: select * from AggregatedValue where value = 3 
30.10.2015 17:17:55.743 [INFO ] [main           ] ngine.impl.EsperEPLTransformer - Generated EPL: insert into AggregatedValue select sum(d.device.id) as value from DeviceData.win:length(2) as d  
30.10.2015 17:17:55.744 [INFO ] [main           ] ngine.impl.EsperEPLTransformer - Generated EPL: select * from AggregatedValue where value >= 3 
30.10.2015 17:17:56.329 [INFO ] [main           ] e.p.rest.EProcManageDataTest   - Starting EProcManageDataTest on ATCSL665088 with PID 8632 (D:\Java\workspace_Alligatorbirne\alligatorbirne\event-processing\target\test-classes started by q375980 in D:\Java\workspace_Alligatorbirne\alligatorbirne\event-processing) 
30.10.2015 17:17:58.450 [INFO ] [main           ] essing.engine.impl.EsperEngine - Adding event type. EventTypeName: ConfigurationModification, Class: common.data.ConfigurationModification 
30.10.2015 17:17:58.450 [INFO ] [main           ] essing.engine.impl.EsperEngine - Adding event type. EventTypeName: DeviceData, Class: common.data.model.DeviceData 
30.10.2015 17:17:58.450 [INFO ] [main           ] essing.engine.impl.EsperEngine - Adding event type. EventTypeName: DeviceInformation, Class: common.data.model.DeviceInformation 
30.10.2015 17:17:58.450 [INFO ] [main           ] essing.engine.impl.EsperEngine - Adding event type. EventTypeName: DomainInformation, Class: common.data.model.DomainInformation 
30.10.2015 17:17:58.983 [INFO ] [main           ] e.p.rest.EProcManageDataTest   - Started EProcManageDataTest in 2.678 seconds (JVM running for 17.269) 
30.10.2015 17:18:00.209 [INFO ] [o-auto-1-exec-1] e.p.rest.EProcManageDataImpl   - POST /send is invoked. 
30.10.2015 17:18:00.210 [INFO ] [o-auto-1-exec-1] e.p.rest.EProcManageDataImpl   - DeviceData [sensorData=null, device=DeviceInformation [id=1, name=deviceInfoName, type=SENSOR], domain=DomainInformation [id=2, name=domainInfoName, type=FIRST_FLOOR]] 
30.10.2015 17:18:00.306 [INFO ] [o-auto-1-exec-2] .rest.EProcManageStatementImpl - POST /registrations/query/{name} is invoked. 
30.10.2015 17:18:00.320 [INFO ] [o-auto-1-exec-3] .rest.EProcManageStatementImpl - POST /registrations/rule/{name} is invoked. 
30.10.2015 17:18:00.336 [INFO ] [o-auto-1-exec-4] .rest.EProcManageStatementImpl - GET /registrations/queries is invoked. 
30.10.2015 17:18:00.400 [INFO ] [o-auto-1-exec-5] .rest.EProcManageStatementImpl - GET /registrations/queries is invoked. 
30.10.2015 17:18:00.413 [INFO ] [o-auto-1-exec-6] .rest.EProcManageStatementImpl - POST /registrations/query/{name} is invoked. 
30.10.2015 17:18:00.425 [INFO ] [o-auto-1-exec-7] .rest.EProcManageStatementImpl - POST /registrations/query/{name} is invoked. 
30.10.2015 17:18:00.439 [INFO ] [o-auto-1-exec-8] .rest.EProcManageStatementImpl - POST /registrations/query/{name} is invoked. 
30.10.2015 17:18:00.442 [ERROR] [o-auto-1-exec-8] processing.rest.EP_ERROR_CODES - Couldn't parse query. Please check syntax. 
30.10.2015 17:18:00.460 [INFO ] [o-auto-1-exec-9] .rest.EProcManageStatementImpl - POST /registrations/query/{name} is invoked. 
30.10.2015 17:18:00.473 [INFO ] [-auto-1-exec-10] .rest.EProcManageStatementImpl - POST /registrations/rule/{name} is invoked. 
30.10.2015 17:18:00.486 [INFO ] [o-auto-1-exec-1] .rest.EProcManageStatementImpl - GET /activations/rule/{name} is invoked. 
30.10.2015 17:18:00.487 [INFO ] [o-auto-1-exec-1] ngine.impl.EsperEPLTransformer - Generated EPL: insert into Event select 'alligatorbirne15' as name from DeviceData as d where d.device.name = 'device1'  
30.10.2015 17:18:00.540 [INFO ] [o-auto-1-exec-2] .rest.EProcManageStatementImpl - POST /registrations/query/{name} is invoked. 
30.10.2015 17:18:00.553 [INFO ] [o-auto-1-exec-3] .rest.EProcManageStatementImpl - DELETE /deregistrations/query/{name} is invoked. 
30.10.2015 17:18:00.565 [INFO ] [o-auto-1-exec-4] .rest.EProcManageStatementImpl - POST /registrations/query/{name} is invoked. 
30.10.2015 17:18:00.575 [INFO ] [o-auto-1-exec-5] .rest.EProcManageStatementImpl - POST /registrations/query/{name} is invoked. 
30.10.2015 17:18:00.575 [ERROR] [o-auto-1-exec-5] processing.rest.EP_ERROR_CODES - Query with the same name already exists. 
30.10.2015 17:18:00.592 [INFO ] [o-auto-1-exec-6] .rest.EProcManageStatementImpl - POST /registrations/query/{name} is invoked. 
30.10.2015 17:18:00.604 [INFO ] [o-auto-1-exec-7] .rest.EProcManageStatementImpl - POST /registrations/rule/{name} is invoked. 
30.10.2015 17:18:00.614 [INFO ] [o-auto-1-exec-8] .rest.EProcManageStatementImpl - DELETE /deregistrations/rule/{name} is invoked. 
30.10.2015 17:18:00.623 [INFO ] [o-auto-1-exec-9] .rest.EProcManageStatementImpl - POST /registrations/query/{name} is invoked. 
30.10.2015 17:18:00.633 [INFO ] [-auto-1-exec-10] .rest.EProcManageStatementImpl - POST /registrations/rule/{name} is invoked. 
30.10.2015 17:18:00.642 [INFO ] [o-auto-1-exec-1] .rest.EProcManageStatementImpl - GET /activations/rule/{name} is invoked. 
30.10.2015 17:18:00.642 [INFO ] [o-auto-1-exec-1] ngine.impl.EsperEPLTransformer - Generated EPL: insert into Event select 'alligatorbirne23' as name from DeviceData as d where d.device.name = 'device1'  
30.10.2015 17:18:00.700 [INFO ] [o-auto-1-exec-2] .rest.EProcManageStatementImpl - GET /deactivations/rule/{name} is invoked. 
30.10.2015 17:18:00.700 [INFO ] [o-auto-1-exec-2] ngine.impl.EsperEPLTransformer - Generated EPL: insert into Event select 'alligatorbirne23' as name from DeviceData as d where d.device.name = 'device1'  
30.10.2015 17:18:00.714 [INFO ] [o-auto-1-exec-3] .rest.EProcManageStatementImpl - POST /registrations/query/{name} is invoked. 
30.10.2015 17:18:00.727 [INFO ] [o-auto-1-exec-4] .rest.EProcManageStatementImpl - POST /registrations/rule/{name} is invoked. 
30.10.2015 17:18:00.736 [INFO ] [o-auto-1-exec-5] .rest.EProcManageStatementImpl - POST /registrations/rule/{name} is invoked. 
30.10.2015 17:18:00.737 [ERROR] [o-auto-1-exec-5] processing.rest.EP_ERROR_CODES - Rule with the same name already exists. 
